{
  "Cucumber Features": {
    "coverage": {
      "/home/saasbook/ftcalendar/app/models/admin.rb": [
        1,
        null,
        null,
        1,
        null,
        null,
        null,
        1,
        null,
        1,
        1,
        null
      ],
      "/home/saasbook/ftcalendar/app/controllers/application_controller.rb": [
        1,
        1,
        null
      ],
      "/home/saasbook/ftcalendar/app/helpers/application_helper.rb": [
        1,
        1,
        0,
        null,
        null
      ],
      "/home/saasbook/ftcalendar/app/helpers/events_helper.rb": [
        1,
        null
      ],
      "/home/saasbook/ftcalendar/app/helpers/home_helper.rb": [
        1,
        null
      ],
      "/home/saasbook/ftcalendar/app/controllers/events_controller.rb": [
        1,
        null,
        1,
        null,
        1,
        1,
        null,
        null,
        1,
        0,
        0,
        null,
        null,
        1,
        0,
        0,
        null,
        null,
        1,
        0,
        0,
        0,
        null,
        null,
        1,
        0,
        0,
        0,
        0,
        null,
        null,
        1,
        0,
        0,
        0,
        0,
        null,
        null,
        1,
        0,
        0,
        0,
        0,
        null,
        null,
        0,
        null,
        null,
        null,
        1,
        0,
        0,
        0,
        0,
        null,
        0,
        null,
        null
      ],
      "/home/saasbook/ftcalendar/app/models/event.rb": [
        1,
        null,
        1,
        null,
        1,
        1,
        1,
        1,
        null,
        null,
        1,
        1,
        null
      ],
      "/home/saasbook/ftcalendar/app/controllers/home_controller.rb": [
        1,
        1,
        18,
        null,
        null
      ]
    },
    "timestamp": 1384855026
  },
  "RSpec": {
    "coverage": {
      "/home/saasbook/ftcalendar/app/models/admin.rb": [
        1,
        null,
        null,
        1,
        null,
        null,
        null,
        1,
        null,
        1,
        1,
        null
      ],
      "/home/saasbook/ftcalendar/app/controllers/application_controller.rb": [
        1,
        1,
        null
      ],
      "/home/saasbook/ftcalendar/app/helpers/application_helper.rb": [
        1,
        1,
        0,
        null,
        null
      ],
      "/home/saasbook/ftcalendar/app/helpers/events_helper.rb": [
        1,
        null
      ],
      "/home/saasbook/ftcalendar/app/helpers/home_helper.rb": [
        1,
        null
      ],
      "/home/saasbook/ftcalendar/app/controllers/events_controller.rb": [
        1,
        null,
        1,
        null,
        1,
        1,
        null,
        null,
        1,
        1,
        1,
        null,
        null,
        1,
        1,
        1,
        null,
        null,
        1,
        3,
        3,
        3,
        2,
        null,
        1,
        1,
        1,
        1,
        null,
        null,
        2,
        2,
        1,
        1,
        null,
        1,
        1,
        null,
        null,
        null,
        1,
        2,
        null,
        2,
        2,
        2,
        1,
        null,
        1,
        1,
        1,
        null,
        null,
        1,
        1,
        1,
        null,
        null,
        1,
        1,
        1,
        1,
        1,
        null,
        null,
        1,
        1,
        1,
        null,
        0,
        null,
        1,
        1,
        0,
        null,
        null,
        1,
        1,
        0,
        null,
        0,
        0,
        null,
        null,
        null,
        null,
        1,
        1,
        1,
        null,
        0,
        null,
        1,
        0,
        0,
        null,
        1,
        null,
        null
      ],
      "/home/saasbook/ftcalendar/app/models/event.rb": [
        1,
        null,
        1,
        1,
        1,
        null,
        1,
        1,
        1,
        1,
        1,
        1,
        1,
        1,
        1,
        1,
        null,
        null,
        1,
        0,
        null,
        null,
        null,
        1,
        null,
        null,
        null,
        null,
        null,
        1,
        null
      ],
      "/home/saasbook/ftcalendar/app/controllers/home_controller.rb": [
        1,
        1,
        1,
        null,
        null
      ],
      "/home/saasbook/ftcalendar/app/controllers/info_controller.rb": [
        1,
        1,
        null,
        null,
        1,
        null,
        null,
        null,
        null
      ]
    },
    "timestamp": 1386664331
  }
}
